nohup: ignoring input
Listening on port 8080
[0mGET / [36m304 [0m5.213 ms - -[0m
[0mGET /css/styles.css [33m404 [0m226.931 ms - 1322[0m
[0mGET /stylesheets/style.css [36m304 [0m0.678 ms - -[0m
[0mGET /BizPix/home.JPG [32m200 [0m230.405 ms - 1718402[0m
[0mGET /BizPix/cats.jpg [32m200 [0m0.774 ms - 317126[0m
[0mGET /favicon.ico [33m404 [0m12.801 ms - 1322[0m
[0mGET /photos.html [32m200 [0m0.591 ms - 3514[0m
[0mGET /BizPix/leaf1.JPG [32m200 [0m0.533 ms - 1730659[0m
[0mGET /css/styles.css [33m404 [0m14.335 ms - 1322[0m
[0mGET /stylesheets/style.css [36m304 [0m0.309 ms - -[0m
[0mGET /BizPix/pumpkinJPG.JPG [32m200 [0m0.560 ms - 835820[0m
[0mGET /BizPix/leaf3.JPG [32m200 [0m0.490 ms - 2202895[0m
[0mGET /BizPix/bench.JPG [32m200 [0m0.503 ms - 2806518[0m
[0mGET /BizPix/cats.jpg [36m304 [0m0.343 ms - -[0m
[0mGET /BizPix/tableLounge.JPG [32m200 [0m0.700 ms - 2512653[0m
[0mGET /BizPix/tutu.PNG [32m200 [0m0.517 ms - 2176535[0m
[0mGET /BizPix/sombrero.JPG [32m200 [0m0.774 ms - 2904721[0m
[0mGET /lifehistory.html [32m200 [0m0.535 ms - 3948[0m
[0mGET /css/styles.css [33m404 [0m22.364 ms - 1322[0m
[0mGET /stylesheets/style.css [36m304 [0m0.809 ms - -[0m
[0mGET /BizPix/paintingR.jpeg [32m200 [0m1.340 ms - 2321942[0m
[0mGET /BizPix/baby1.jpeg [32m200 [0m24.154 ms - 2223890[0m
[0mGET /BizPix/rotatecake.jpeg [32m200 [0m0.775 ms - 1602987[0m
[0mGET /BizPix/attentive.JPG [32m200 [0m0.431 ms - 2248841[0m
[0mGET /BizPix/leaf2.JPG [32m200 [0m0.355 ms - 2010044[0m
[0mGET /BizPix/baby3.jpeg [32m200 [0m0.449 ms - 2509617[0m
[0mGET /BizPix/giftbag.jpeg [32m200 [0m0.559 ms - 2128932[0m
[0mGET /BizPix/cute.JPG [32m200 [0m0.356 ms - 2557272[0m
[0mGET /BizPix/baby2.jpeg [32m200 [0m0.348 ms - 2880952[0m
[0mGET /testimonials.html [32m200 [0m0.484 ms - 4255[0m
[0mGET /css/styles.css [33m404 [0m16.360 ms - 1322[0m
[0mGET /stylesheets/style.css [36m304 [0m1.054 ms - -[0m
[0mGET /BizPix/Linda.png [32m200 [0m4.257 ms - 2120982[0m
[0mGET /BizPix/Gregg.png [32m200 [0m4.780 ms - 1908991[0m
[0mGET /BizPix/Grandpa.png [32m200 [0m3.534 ms - 1933335[0m
[0mGET /BizPix/Sydney.png [32m200 [0m2.729 ms - 1927805[0m
[0mGET /BizPix/Penny.png [32m200 [0m0.556 ms - 2228501[0m
[0mGET /BizPix/Taylor.JPEG [32m200 [0m0.865 ms - 2087845[0m
[0mGET /merch.html [32m200 [0m0.801 ms - 3431[0m
[0mGET /stylesheets/style.css [36m304 [0m0.492 ms - -[0m
[0mGET /javascripts/vue.js [32m200 [0m0.543 ms - 618[0m
[0mGET /BizPix/White.png [32m200 [0m0.494 ms - 1026091[0m
[0mGET /cutecats.html [32m200 [0m0.472 ms - 2585[0m
[0mGET /stylesheets/style.css [36m304 [0m0.613 ms - -[0m
[0mGET /javascripts/script.js [32m200 [0m0.954 ms - 554[0m
[0mGET /BizPix/cats.jpg [36m304 [0m0.269 ms - -[0m
in cat route
[0mGET /cat [32m200 [0m373.469 ms - 143[0m
[0mGET /version [33m404 [0m15.092 ms - 1322[0m
[0mGET / [32m200 [0m0.457 ms - 3345[0m
